<?xml version="1.0" encoding="UTF-8"?>
<testsuite name="com.test.springboot.web.ProfileControllerTest" tests="1" skipped="0" failures="0" errors="0" timestamp="2020-09-17T06:05:16" hostname="DESKTOP-7Q0IPOI" time="0.028">
  <properties/>
  <testcase name="profile은_인증없이_호출된다" classname="com.test.springboot.web.ProfileControllerTest" time="0.028"/>
  <system-out><![CDATA[2020-09-17 15:05:16.364  INFO 16824 --- [    Test worker] .b.t.c.SpringBootTestContextBootstrapper : Neither @ContextConfiguration nor @ContextHierarchy found for test class [com.test.springboot.web.ProfileControllerTest], using SpringBootContextLoader
2020-09-17 15:05:16.366  INFO 16824 --- [    Test worker] o.s.t.c.support.AbstractContextLoader    : Could not detect default resource locations for test class [com.test.springboot.web.ProfileControllerTest]: no resource found for suffixes {-context.xml, Context.groovy}.
2020-09-17 15:05:16.366  INFO 16824 --- [    Test worker] t.c.s.AnnotationConfigContextLoaderUtils : Could not detect default configuration classes for test class [com.test.springboot.web.ProfileControllerTest]: ProfileControllerTest does not declare any static, non-private, non-final, nested classes annotated with @Configuration.
2020-09-17 15:05:16.369  INFO 16824 --- [    Test worker] .b.t.c.SpringBootTestContextBootstrapper : Found @SpringBootConfiguration com.test.springboot.Application for test class com.test.springboot.web.ProfileControllerTest
2020-09-17 15:05:16.371  INFO 16824 --- [    Test worker] .b.t.c.SpringBootTestContextBootstrapper : Loaded default TestExecutionListener class names from location [META-INF/spring.factories]: [org.springframework.security.test.context.support.WithSecurityContextTestExecutionListener, org.springframework.security.test.context.support.ReactorContextTestExecutionListener, org.springframework.boot.test.autoconfigure.restdocs.RestDocsTestExecutionListener, org.springframework.boot.test.autoconfigure.web.client.MockRestServiceServerResetTestExecutionListener, org.springframework.boot.test.autoconfigure.web.servlet.MockMvcPrintOnlyOnFailureTestExecutionListener, org.springframework.boot.test.autoconfigure.web.servlet.WebDriverTestExecutionListener, org.springframework.boot.test.mock.mockito.MockitoTestExecutionListener, org.springframework.boot.test.mock.mockito.ResetMocksTestExecutionListener, org.springframework.test.context.web.ServletTestExecutionListener, org.springframework.test.context.support.DirtiesContextBeforeModesTestExecutionListener, org.springframework.test.context.support.DependencyInjectionTestExecutionListener, org.springframework.test.context.support.DirtiesContextTestExecutionListener, org.springframework.test.context.transaction.TransactionalTestExecutionListener, org.springframework.test.context.jdbc.SqlScriptsTestExecutionListener]
2020-09-17 15:05:16.373  INFO 16824 --- [    Test worker] .b.t.c.SpringBootTestContextBootstrapper : Using TestExecutionListeners: [org.springframework.test.context.web.ServletTestExecutionListener@780b2ca7, org.springframework.test.context.support.DirtiesContextBeforeModesTestExecutionListener@2b7ba051, org.springframework.boot.test.mock.mockito.MockitoTestExecutionListener@211c56c0, org.springframework.boot.test.autoconfigure.SpringBootDependencyInjectionTestExecutionListener@736fdd20, org.springframework.test.context.support.DirtiesContextTestExecutionListener@5220a9fe, org.springframework.test.context.transaction.TransactionalTestExecutionListener@242ff2c3, org.springframework.test.context.jdbc.SqlScriptsTestExecutionListener@67c60ad0, org.springframework.security.test.context.support.WithSecurityContextTestExecutionListener@6a4d5dd5, org.springframework.security.test.context.support.ReactorContextTestExecutionListener@3d75663b, org.springframework.boot.test.autoconfigure.restdocs.RestDocsTestExecutionListener@669732bc, org.springframework.boot.test.autoconfigure.web.client.MockRestServiceServerResetTestExecutionListener@31502434, org.springframework.boot.test.autoconfigure.web.servlet.MockMvcPrintOnlyOnFailureTestExecutionListener@31f3743e, org.springframework.boot.test.autoconfigure.web.servlet.WebDriverTestExecutionListener@27218885, org.springframework.boot.test.mock.mockito.ResetMocksTestExecutionListener@78fc4c0f]
]]></system-out>
  <system-err><![CDATA[]]></system-err>
</testsuite>
