<?xml version="1.0" encoding="UTF-8"?>
<testsuite name="com.test.springboot.web.HelloControllerTest" tests="2" skipped="0" failures="0" errors="0" timestamp="2020-09-17T06:05:11" hostname="DESKTOP-7Q0IPOI" time="0.308">
  <properties/>
  <testcase name="hello가_리턴된다" classname="com.test.springboot.web.HelloControllerTest" time="0.13"/>
  <testcase name="helloDto가_리턴된다" classname="com.test.springboot.web.HelloControllerTest" time="0.177"/>
  <system-out><![CDATA[2020-09-17 15:05:09.174  INFO 16824 --- [    Test worker] .b.t.a.w.s.WebMvcTestContextBootstrapper : Neither @ContextConfiguration nor @ContextHierarchy found for test class [com.test.springboot.web.HelloControllerTest], using SpringBootContextLoader
2020-09-17 15:05:09.176  INFO 16824 --- [    Test worker] o.s.t.c.support.AbstractContextLoader    : Could not detect default resource locations for test class [com.test.springboot.web.HelloControllerTest]: no resource found for suffixes {-context.xml, Context.groovy}.
2020-09-17 15:05:09.176  INFO 16824 --- [    Test worker] t.c.s.AnnotationConfigContextLoaderUtils : Could not detect default configuration classes for test class [com.test.springboot.web.HelloControllerTest]: HelloControllerTest does not declare any static, non-private, non-final, nested classes annotated with @Configuration.
2020-09-17 15:05:09.235  INFO 16824 --- [    Test worker] .b.t.c.SpringBootTestContextBootstrapper : Found @SpringBootConfiguration com.test.springboot.Application for test class com.test.springboot.web.HelloControllerTest
2020-09-17 15:05:09.236  INFO 16824 --- [    Test worker] .b.t.a.w.s.WebMvcTestContextBootstrapper : Loaded default TestExecutionListener class names from location [META-INF/spring.factories]: [org.springframework.security.test.context.support.WithSecurityContextTestExecutionListener, org.springframework.security.test.context.support.ReactorContextTestExecutionListener, org.springframework.boot.test.autoconfigure.restdocs.RestDocsTestExecutionListener, org.springframework.boot.test.autoconfigure.web.client.MockRestServiceServerResetTestExecutionListener, org.springframework.boot.test.autoconfigure.web.servlet.MockMvcPrintOnlyOnFailureTestExecutionListener, org.springframework.boot.test.autoconfigure.web.servlet.WebDriverTestExecutionListener, org.springframework.boot.test.mock.mockito.MockitoTestExecutionListener, org.springframework.boot.test.mock.mockito.ResetMocksTestExecutionListener, org.springframework.test.context.web.ServletTestExecutionListener, org.springframework.test.context.support.DirtiesContextBeforeModesTestExecutionListener, org.springframework.test.context.support.DependencyInjectionTestExecutionListener, org.springframework.test.context.support.DirtiesContextTestExecutionListener, org.springframework.test.context.transaction.TransactionalTestExecutionListener, org.springframework.test.context.jdbc.SqlScriptsTestExecutionListener]
2020-09-17 15:05:09.239  INFO 16824 --- [    Test worker] .b.t.a.w.s.WebMvcTestContextBootstrapper : Using TestExecutionListeners: [org.springframework.test.context.web.ServletTestExecutionListener@3b39c9ca, org.springframework.test.context.support.DirtiesContextBeforeModesTestExecutionListener@7d6e7eb7, org.springframework.boot.test.mock.mockito.MockitoTestExecutionListener@153741be, org.springframework.boot.test.autoconfigure.SpringBootDependencyInjectionTestExecutionListener@629b4810, org.springframework.test.context.support.DirtiesContextTestExecutionListener@1799ba10, org.springframework.test.context.transaction.TransactionalTestExecutionListener@190cf592, org.springframework.test.context.jdbc.SqlScriptsTestExecutionListener@36996dbc, org.springframework.security.test.context.support.WithSecurityContextTestExecutionListener@e7a78b7, org.springframework.security.test.context.support.ReactorContextTestExecutionListener@54690a52, org.springframework.boot.test.autoconfigure.restdocs.RestDocsTestExecutionListener@2a37c528, org.springframework.boot.test.autoconfigure.web.client.MockRestServiceServerResetTestExecutionListener@573ea95f, org.springframework.boot.test.autoconfigure.web.servlet.MockMvcPrintOnlyOnFailureTestExecutionListener@a5cdccf, org.springframework.boot.test.autoconfigure.web.servlet.WebDriverTestExecutionListener@167b6c4c, org.springframework.boot.test.mock.mockito.ResetMocksTestExecutionListener@271e52e]

  .   ____          _            __ _ _
 /\\ / ___'_ __ _ _(_)_ __  __ _ \ \ \ \
( ( )\___ | '_ | '_| | '_ \/ _` | \ \ \ \
 \\/  ___)| |_)| | | | | || (_| |  ) ) ) )
  '  |____| .__|_| |_|_| |_\__, | / / / /
 =========|_|==============|___/=/_/_/_/
 :: Spring Boot ::        (v2.1.7.RELEASE)

2020-09-17 15:05:09.319  INFO 16824 --- [    Test worker] c.t.springboot.web.HelloControllerTest   : Starting HelloControllerTest on DESKTOP-7Q0IPOI with PID 16824 (started by 이준혁 in C:\Users\이준혁\IdeaProjects\webservice)
2020-09-17 15:05:09.321  INFO 16824 --- [    Test worker] c.t.springboot.web.HelloControllerTest   : No active profile set, falling back to default profiles: default
2020-09-17 15:05:10.246  INFO 16824 --- [    Test worker] o.s.s.concurrent.ThreadPoolTaskExecutor  : Initializing ExecutorService 'applicationTaskExecutor'
2020-09-17 15:05:10.308  INFO 16824 --- [    Test worker] o.s.b.a.w.s.WelcomePageHandlerMapping    : Adding welcome page template: index
2020-09-17 15:05:10.768  INFO 16824 --- [    Test worker] .s.s.UserDetailsServiceAutoConfiguration : 

Using generated security password: 5a72518c-e997-4c6b-a91b-6650a3f4d85c

2020-09-17 15:05:11.052  INFO 16824 --- [    Test worker] o.s.s.web.DefaultSecurityFilterChain     : Creating filter chain: any request, [org.springframework.security.web.context.request.async.WebAsyncManagerIntegrationFilter@3d7e469, org.springframework.security.web.context.SecurityContextPersistenceFilter@a6f2552, org.springframework.security.web.header.HeaderWriterFilter@701fcc5a, org.springframework.security.web.csrf.CsrfFilter@3f3d2934, org.springframework.security.web.authentication.logout.LogoutFilter@63b7651d, org.springframework.security.web.authentication.UsernamePasswordAuthenticationFilter@360d6874, org.springframework.security.web.authentication.ui.DefaultLoginPageGeneratingFilter@5a93e8c, org.springframework.security.web.authentication.ui.DefaultLogoutPageGeneratingFilter@4e9c208e, org.springframework.security.web.authentication.www.BasicAuthenticationFilter@15c33569, org.springframework.security.web.savedrequest.RequestCacheAwareFilter@44d713ef, org.springframework.security.web.servletapi.SecurityContextHolderAwareRequestFilter@4aa47a33, org.springframework.security.web.authentication.AnonymousAuthenticationFilter@42782c49, org.springframework.security.web.session.SessionManagementFilter@263d2fe4, org.springframework.security.web.access.ExceptionTranslationFilter@14bb59a1, org.springframework.security.web.access.intercept.FilterSecurityInterceptor@2ae22c33]
2020-09-17 15:05:11.122  INFO 16824 --- [    Test worker] o.s.b.t.m.w.SpringBootMockServletContext : Initializing Spring TestDispatcherServlet ''
2020-09-17 15:05:11.123  INFO 16824 --- [    Test worker] o.s.t.web.servlet.TestDispatcherServlet  : Initializing Servlet ''
2020-09-17 15:05:11.154  INFO 16824 --- [    Test worker] o.s.t.web.servlet.TestDispatcherServlet  : Completed initialization in 31 ms
2020-09-17 15:05:11.210  INFO 16824 --- [    Test worker] c.t.springboot.web.HelloControllerTest   : Started HelloControllerTest in 1.967 seconds (JVM running for 18.788)
]]></system-out>
  <system-err><![CDATA[]]></system-err>
</testsuite>
