<?xml version="1.0" encoding="UTF-8"?>
<testsuite name="com.test.springboot.web.ProfileControllerUnitTest" tests="3" skipped="0" failures="0" errors="0" timestamp="2020-09-16T14:52:17" hostname="DESKTOP-7Q0IPOI" time="0.246">
  <properties/>
  <testcase name="active_profile이_없으면_default가_조회된다" classname="com.test.springboot.web.ProfileControllerUnitTest" time="0.228"/>
  <testcase name="real_profile이_없으면_첫번째가_조회된다" classname="com.test.springboot.web.ProfileControllerUnitTest" time="0.015"/>
  <testcase name="real_profile이_조회된다" classname="com.test.springboot.web.ProfileControllerUnitTest" time="0.002"/>
  <system-out><![CDATA[23:52:17.526 [Test worker] DEBUG org.springframework.mock.env.MockEnvironment - Activating profile 'oauth'
23:52:17.536 [Test worker] DEBUG org.springframework.mock.env.MockEnvironment - Activating profile 'real-db'
23:52:17.537 [Test worker] DEBUG org.springframework.mock.env.MockEnvironment - Activating profile 'real'
23:52:17.537 [Test worker] DEBUG org.springframework.mock.env.MockEnvironment - Activating profile 'oauth'
23:52:17.537 [Test worker] DEBUG org.springframework.mock.env.MockEnvironment - Activating profile 'real-db'
]]></system-out>
  <system-err><![CDATA[]]></system-err>
</testsuite>
