<?xml version="1.0" encoding="UTF-8"?>
<testsuite name="com.test.springboot.web.HelloControllerTest" tests="2" skipped="0" failures="0" errors="0" timestamp="2020-09-15T09:50:24" hostname="DESKTOP-7Q0IPOI" time="0.278">
  <properties/>
  <testcase name="hello가_리턴된다" classname="com.test.springboot.web.HelloControllerTest" time="0.125"/>
  <testcase name="helloDto가_리턴된다" classname="com.test.springboot.web.HelloControllerTest" time="0.152"/>
  <system-out><![CDATA[2020-09-15 18:50:22.519  INFO 10324 --- [    Test worker] .b.t.a.w.s.WebMvcTestContextBootstrapper : Neither @ContextConfiguration nor @ContextHierarchy found for test class [com.test.springboot.web.HelloControllerTest], using SpringBootContextLoader
2020-09-15 18:50:22.521  INFO 10324 --- [    Test worker] o.s.t.c.support.AbstractContextLoader    : Could not detect default resource locations for test class [com.test.springboot.web.HelloControllerTest]: no resource found for suffixes {-context.xml, Context.groovy}.
2020-09-15 18:50:22.521  INFO 10324 --- [    Test worker] t.c.s.AnnotationConfigContextLoaderUtils : Could not detect default configuration classes for test class [com.test.springboot.web.HelloControllerTest]: HelloControllerTest does not declare any static, non-private, non-final, nested classes annotated with @Configuration.
2020-09-15 18:50:22.562  INFO 10324 --- [    Test worker] .b.t.c.SpringBootTestContextBootstrapper : Found @SpringBootConfiguration com.test.springboot.Application for test class com.test.springboot.web.HelloControllerTest
2020-09-15 18:50:22.563  INFO 10324 --- [    Test worker] .b.t.a.w.s.WebMvcTestContextBootstrapper : Loaded default TestExecutionListener class names from location [META-INF/spring.factories]: [org.springframework.security.test.context.support.WithSecurityContextTestExecutionListener, org.springframework.security.test.context.support.ReactorContextTestExecutionListener, org.springframework.boot.test.autoconfigure.restdocs.RestDocsTestExecutionListener, org.springframework.boot.test.autoconfigure.web.client.MockRestServiceServerResetTestExecutionListener, org.springframework.boot.test.autoconfigure.web.servlet.MockMvcPrintOnlyOnFailureTestExecutionListener, org.springframework.boot.test.autoconfigure.web.servlet.WebDriverTestExecutionListener, org.springframework.boot.test.mock.mockito.MockitoTestExecutionListener, org.springframework.boot.test.mock.mockito.ResetMocksTestExecutionListener, org.springframework.test.context.web.ServletTestExecutionListener, org.springframework.test.context.support.DirtiesContextBeforeModesTestExecutionListener, org.springframework.test.context.support.DependencyInjectionTestExecutionListener, org.springframework.test.context.support.DirtiesContextTestExecutionListener, org.springframework.test.context.transaction.TransactionalTestExecutionListener, org.springframework.test.context.jdbc.SqlScriptsTestExecutionListener]
2020-09-15 18:50:22.565  INFO 10324 --- [    Test worker] .b.t.a.w.s.WebMvcTestContextBootstrapper : Using TestExecutionListeners: [org.springframework.test.context.web.ServletTestExecutionListener@7d6e7eb7, org.springframework.test.context.support.DirtiesContextBeforeModesTestExecutionListener@153741be, org.springframework.boot.test.mock.mockito.MockitoTestExecutionListener@629b4810, org.springframework.boot.test.autoconfigure.SpringBootDependencyInjectionTestExecutionListener@1799ba10, org.springframework.test.context.support.DirtiesContextTestExecutionListener@190cf592, org.springframework.test.context.transaction.TransactionalTestExecutionListener@36996dbc, org.springframework.test.context.jdbc.SqlScriptsTestExecutionListener@e7a78b7, org.springframework.security.test.context.support.WithSecurityContextTestExecutionListener@54690a52, org.springframework.security.test.context.support.ReactorContextTestExecutionListener@2a37c528, org.springframework.boot.test.autoconfigure.restdocs.RestDocsTestExecutionListener@573ea95f, org.springframework.boot.test.autoconfigure.web.client.MockRestServiceServerResetTestExecutionListener@a5cdccf, org.springframework.boot.test.autoconfigure.web.servlet.MockMvcPrintOnlyOnFailureTestExecutionListener@167b6c4c, org.springframework.boot.test.autoconfigure.web.servlet.WebDriverTestExecutionListener@271e52e, org.springframework.boot.test.mock.mockito.ResetMocksTestExecutionListener@20a7d06e]

  .   ____          _            __ _ _
 /\\ / ___'_ __ _ _(_)_ __  __ _ \ \ \ \
( ( )\___ | '_ | '_| | '_ \/ _` | \ \ \ \
 \\/  ___)| |_)| | | | | || (_| |  ) ) ) )
  '  |____| .__|_| |_|_| |_\__, | / / / /
 =========|_|==============|___/=/_/_/_/
 :: Spring Boot ::        (v2.1.7.RELEASE)

2020-09-15 18:50:22.644  INFO 10324 --- [    Test worker] c.t.springboot.web.HelloControllerTest   : Starting HelloControllerTest on DESKTOP-7Q0IPOI with PID 10324 (started by 이준혁 in C:\Users\이준혁\IdeaProjects\webservice)
2020-09-15 18:50:22.644  INFO 10324 --- [    Test worker] c.t.springboot.web.HelloControllerTest   : The following profiles are active: oauth
2020-09-15 18:50:23.298  INFO 10324 --- [    Test worker] o.s.s.concurrent.ThreadPoolTaskExecutor  : Initializing ExecutorService 'applicationTaskExecutor'
2020-09-15 18:50:23.347  INFO 10324 --- [    Test worker] o.s.b.a.w.s.WelcomePageHandlerMapping    : Adding welcome page template: index
2020-09-15 18:50:23.656  INFO 10324 --- [    Test worker] .s.s.UserDetailsServiceAutoConfiguration : 

Using generated security password: 1d9fc223-ab43-43bc-945c-63dc30226aa2

2020-09-15 18:50:23.895  INFO 10324 --- [    Test worker] o.s.s.web.DefaultSecurityFilterChain     : Creating filter chain: any request, [org.springframework.security.web.context.request.async.WebAsyncManagerIntegrationFilter@15c33569, org.springframework.security.web.context.SecurityContextPersistenceFilter@701fcc5a, org.springframework.security.web.header.HeaderWriterFilter@5b3ee811, org.springframework.security.web.csrf.CsrfFilter@158b5837, org.springframework.security.web.authentication.logout.LogoutFilter@761fcede, org.springframework.security.web.authentication.UsernamePasswordAuthenticationFilter@72a530f7, org.springframework.security.web.authentication.ui.DefaultLoginPageGeneratingFilter@44d713ef, org.springframework.security.web.authentication.ui.DefaultLogoutPageGeneratingFilter@349138f5, org.springframework.security.web.authentication.www.BasicAuthenticationFilter@73689335, org.springframework.security.web.savedrequest.RequestCacheAwareFilter@263d2fe4, org.springframework.security.web.servletapi.SecurityContextHolderAwareRequestFilter@a6f2552, org.springframework.security.web.authentication.AnonymousAuthenticationFilter@3d7e469, org.springframework.security.web.session.SessionManagementFilter@14bb59a1, org.springframework.security.web.access.ExceptionTranslationFilter@3f3d2934, org.springframework.security.web.access.intercept.FilterSecurityInterceptor@27c738ad]
2020-09-15 18:50:23.947  INFO 10324 --- [    Test worker] o.s.b.t.m.w.SpringBootMockServletContext : Initializing Spring TestDispatcherServlet ''
2020-09-15 18:50:23.947  INFO 10324 --- [    Test worker] o.s.t.web.servlet.TestDispatcherServlet  : Initializing Servlet ''
2020-09-15 18:50:23.967  INFO 10324 --- [    Test worker] o.s.t.web.servlet.TestDispatcherServlet  : Completed initialization in 20 ms
2020-09-15 18:50:24.011  INFO 10324 --- [    Test worker] c.t.springboot.web.HelloControllerTest   : Started HelloControllerTest in 1.442 seconds (JVM running for 11.453)
]]></system-out>
  <system-err><![CDATA[]]></system-err>
</testsuite>
